d:\sunview\allday\rastertektutorials\rastertektutorials\debug\vc120.pdb
d:\sunview\allday\rastertektutorials\rastertektutorials\debug\vc120.idb
d:\sunview\allday\rastertektutorials\rastertektutorials\debug\applicationclass.obj
d:\sunview\allday\rastertektutorials\rastertektutorials\debug\bitmapclass.obj
d:\sunview\allday\rastertektutorials\rastertektutorials\debug\cameraclass.obj
d:\sunview\allday\rastertektutorials\rastertektutorials\debug\colorshaderclass.obj
d:\sunview\allday\rastertektutorials\rastertektutorials\debug\combatmapclass.obj
d:\sunview\allday\rastertektutorials\rastertektutorials\debug\d3dclass.obj
d:\sunview\allday\rastertektutorials\rastertektutorials\debug\fontclass.obj
d:\sunview\allday\rastertektutorials\rastertektutorials\debug\fontshaderclass.obj
d:\sunview\allday\rastertektutorials\rastertektutorials\debug\graphicsclass.obj
d:\sunview\allday\rastertektutorials\rastertektutorials\debug\hexmapclass.obj
d:\sunview\allday\rastertektutorials\rastertektutorials\debug\inputclass.obj
d:\sunview\allday\rastertektutorials\rastertektutorials\debug\main.obj
d:\sunview\allday\rastertektutorials\rastertektutorials\debug\modelclass.obj
d:\sunview\allday\rastertektutorials\rastertektutorials\debug\systemclass.obj
d:\sunview\allday\rastertektutorials\rastertektutorials\debug\terrainclass.obj
d:\sunview\allday\rastertektutorials\rastertektutorials\debug\textclass.obj
d:\sunview\allday\rastertektutorials\rastertektutorials\debug\textureclass.obj
d:\sunview\allday\rastertektutorials\rastertektutorials\debug\textureshaderclass.obj
d:\sunview\allday\rastertektutorials\debug\rastertektutorials.ilk
d:\sunview\allday\rastertektutorials\debug\rastertektutorials.exe
d:\sunview\allday\rastertektutorials\debug\rastertektutorials.pdb
d:\sunview\allday\rastertektutorials\rastertektutorials\debug\rasterte.e22cb61e.tlog\cl.command.1.tlog
d:\sunview\allday\rastertektutorials\rastertektutorials\debug\rasterte.e22cb61e.tlog\cl.read.1.tlog
d:\sunview\allday\rastertektutorials\rastertektutorials\debug\rasterte.e22cb61e.tlog\cl.write.1.tlog
d:\sunview\allday\rastertektutorials\rastertektutorials\debug\rasterte.e22cb61e.tlog\link.command.1.tlog
d:\sunview\allday\rastertektutorials\rastertektutorials\debug\rasterte.e22cb61e.tlog\link.read.1.tlog
d:\sunview\allday\rastertektutorials\rastertektutorials\debug\rasterte.e22cb61e.tlog\link.write.1.tlog
